2026-04-15 23:39:23 [ERROR]: 数据库错误: 数据库连接测试 {"operation_type":"database_error","operation":"数据库连接测试","error_message":"","error_code":"ECONNREFUSED"}
2026-04-15 23:39:23 [ERROR]: 数据库错误: 创建数据库连接池 {"operation_type":"database_error","operation":"创建数据库连接池","error_message":"","error_code":"ECONNREFUSED"}
2026-04-15 23:39:23 [ERROR]: 数据库错误: 连接失败 (尝试 1/3) {"operation_type":"database_error","operation":"连接失败 (尝试 1/3)","error_message":"","error_code":"ECONNREFUSED"}
2026-04-15 23:39:25 [ERROR]: 数据库错误: 数据库连接测试 {"operation_type":"database_error","operation":"数据库连接测试","error_message":"","error_code":"ECONNREFUSED"}
2026-04-15 23:39:25 [ERROR]: 数据库错误: 创建数据库连接池 {"operation_type":"database_error","operation":"创建数据库连接池","error_message":"","error_code":"ECONNREFUSED"}
2026-04-15 23:39:25 [ERROR]: 数据库错误: 连接失败 (尝试 2/3) {"operation_type":"database_error","operation":"连接失败 (尝试 2/3)","error_message":"","error_code":"ECONNREFUSED"}
2026-04-15 23:39:27 [ERROR]: 数据库错误: 数据库连接测试 {"operation_type":"database_error","operation":"数据库连接测试","error_message":"","error_code":"ECONNREFUSED"}
2026-04-16 00:31:54 [ERROR]: 数据库错误: 数据库连接测试 {"operation_type":"database_error","operation":"数据库连接测试","error_message":"","error_code":"ECONNREFUSED"}
2026-04-16 00:31:54 [ERROR]: 数据库错误: 创建数据库连接池 {"operation_type":"database_error","operation":"创建数据库连接池","error_message":"","error_code":"ECONNREFUSED"}
2026-04-16 00:31:54 [ERROR]: 数据库错误: 连接失败 (尝试 1/3) {"operation_type":"database_error","operation":"连接失败 (尝试 1/3)","error_message":"","error_code":"ECONNREFUSED"}
2026-04-16 00:31:54 [ERROR]: 数据库错误: 数据库查询错误 {"operation_type":"database_error","operation":"数据库查询错误","error_message":"","error_code":"ECONNREFUSED","sql":"INSERT INTO users (username, email, password_hash) VALUES (?, ?, ?)","params":["testuser_detail1","testdetail1@example.com","$2b$12$lEBxdyO3J.EFfbMlz2ZutOtQChiHPmk8yJHxYzVeiMO5FQMuRg5ea"]}
2026-04-16 00:31:54 [ERROR]: 数据库错误: 数据库查询错误 {"operation_type":"database_error","operation":"数据库查询错误","error_message":"","error_code":"ECONNREFUSED","sql":"DELETE FROM character_cards WHERE user_id IN (?, ?)","params":[null,null]}
2026-04-16 20:39:35 [ERROR]: 数据库错误: 数据库连接测试 {"operation_type":"database_error","operation":"数据库连接测试","error_message":"","error_code":"ECONNREFUSED"}
2026-04-16 20:39:35 [ERROR]: 数据库错误: 创建数据库连接池 {"operation_type":"database_error","operation":"创建数据库连接池","error_message":"","error_code":"ECONNREFUSED"}
2026-04-16 20:39:35 [ERROR]: 数据库错误: 连接失败 (尝试 1/3) {"operation_type":"database_error","operation":"连接失败 (尝试 1/3)","error_message":"","error_code":"ECONNREFUSED"}
2026-04-16 20:39:35 [ERROR]: 数据库错误: 数据库查询错误 {"operation_type":"database_error","operation":"数据库查询错误","error_message":"","error_code":"ECONNREFUSED","sql":"INSERT INTO users (username, email, password_hash) VALUES (?, ?, ?)","params":["testuser_pwupdate","pwupdate@example.com","$2b$12$dL5boWiWIBvd0tNC3Gj/c./EfcXbXb89zF8TmQkWvselnGOViHH/e"]}
2026-04-16 20:39:35 [ERROR]: 数据库错误: 数据库查询错误 {"operation_type":"database_error","operation":"数据库查询错误","error_message":"","error_code":"ECONNREFUSED","sql":"DELETE FROM character_cards WHERE id IN (?, ?)","params":[null,null]}
2026-04-16 20:39:36 [ERROR]: 数据库错误: 数据库连接测试 {"operation_type":"database_error","operation":"数据库连接测试","error_message":"","error_code":"ECONNREFUSED"}
2026-04-16 20:39:36 [ERROR]: 数据库错误: 创建数据库连接池 {"operation_type":"database_error","operation":"创建数据库连接池","error_message":"","error_code":"ECONNREFUSED"}
2026-04-16 20:39:36 [ERROR]: 数据库错误: 连接失败 (尝试 1/3) {"operation_type":"database_error","operation":"连接失败 (尝试 1/3)","error_message":"","error_code":"ECONNREFUSED"}
2026-04-16 20:39:36 [ERROR]: 数据库错误: 数据库查询错误 {"operation_type":"database_error","operation":"数据库查询错误","error_message":"","error_code":"ECONNREFUSED","sql":"SELECT id FROM users WHERE username = ?","params":["updatetest_1776343176074"]}
2026-04-16 20:39:36 [ERROR]: 数据库错误: 数据库查询错误 {"operation_type":"database_error","operation":"数据库查询错误","error_message":"","error_code":"ECONNREFUSED","sql":"DELETE FROM users WHERE id = ?","params":[null]}
2026-04-16 20:39:36 [ERROR]: 数据库错误: 数据库连接测试 {"operation_type":"database_error","operation":"数据库连接测试","error_message":"","error_code":"ECONNREFUSED"}
2026-04-16 20:39:36 [ERROR]: 数据库错误: 创建数据库连接池 {"operation_type":"database_error","operation":"创建数据库连接池","error_message":"","error_code":"ECONNREFUSED"}
2026-04-16 20:39:36 [ERROR]: 数据库错误: 连接失败 (尝试 1/3) {"operation_type":"database_error","operation":"连接失败 (尝试 1/3)","error_message":"","error_code":"ECONNREFUSED"}
2026-04-16 20:39:37 [ERROR]: 数据库错误: 数据库查询错误 {"operation_type":"database_error","operation":"数据库查询错误","error_message":"","error_code":"ECONNREFUSED","sql":"INSERT INTO users (username, email, password_hash) VALUES (?, ?, ?)","params":["randomPasswordTestUser","randompassword@test.com","$2b$12$xUN8eiIsfj6IlsdtERjtpOlBBmM02TAyI4SelkjLc9OyqGQ9VwyfG"]}
2026-04-16 20:39:37 [ERROR]: 数据库错误: 数据库查询错误 {"operation_type":"database_error","operation":"数据库查询错误","error_message":"","error_code":"ECONNREFUSED","sql":"DELETE FROM character_cards WHERE user_id IN (?, ?)","params":[null,null]}
2026-04-16 20:39:37 [ERROR]: 数据库错误: 数据库连接测试 {"operation_type":"database_error","operation":"数据库连接测试","error_message":"","error_code":"ECONNREFUSED"}
2026-04-16 20:39:37 [ERROR]: 数据库错误: 数据库连接测试 {"operation_type":"database_error","operation":"数据库连接测试","error_message":"","error_code":"ECONNREFUSED"}
2026-04-16 20:39:37 [ERROR]: 数据库错误: 创建数据库连接池 {"operation_type":"database_error","operation":"创建数据库连接池","error_message":"","error_code":"ECONNREFUSED"}
2026-04-16 20:39:37 [ERROR]: 数据库错误: 连接失败 (尝试 1/3) {"operation_type":"database_error","operation":"连接失败 (尝试 1/3)","error_message":"","error_code":"ECONNREFUSED"}
2026-04-16 20:39:37 [ERROR]: 数据库错误: 创建数据库连接池 {"operation_type":"database_error","operation":"创建数据库连接池","error_message":"","error_code":"ECONNREFUSED"}
2026-04-16 20:39:37 [ERROR]: 数据库错误: 连接失败 (尝试 2/3) {"operation_type":"database_error","operation":"连接失败 (尝试 2/3)","error_message":"","error_code":"ECONNREFUSED"}
2026-04-16 20:39:37 [ERROR]: 数据库错误: 数据库查询错误 {"operation_type":"database_error","operation":"数据库查询错误","error_message":"","error_code":"ECONNREFUSED","sql":"\n      INSERT INTO users (username, email, password_hash)\n      VALUES (?, ?, ?)\n    ","params":["deletetest1","deletetest1@example.com","$2b$12$D5bYJFgbhzL0MLYA0IQc4OPvsxKxJNzpnXFQrLmiK0onHkD3VNwwq"]}
2026-04-16 20:39:38 [ERROR]: 数据库错误: 数据库连接测试 {"operation_type":"database_error","operation":"数据库连接测试","error_message":"","error_code":"ECONNREFUSED"}
2026-04-16 20:39:38 [ERROR]: 数据库错误: 数据库连接测试 {"operation_type":"database_error","operation":"数据库连接测试","error_message":"","error_code":"ECONNREFUSED"}
2026-04-16 20:39:38 [ERROR]: 数据库错误: 创建数据库连接池 {"operation_type":"database_error","operation":"创建数据库连接池","error_message":"","error_code":"ECONNREFUSED"}
2026-04-16 20:39:38 [ERROR]: 数据库错误: 连接失败 (尝试 1/3) {"operation_type":"database_error","operation":"连接失败 (尝试 1/3)","error_message":"","error_code":"ECONNREFUSED"}
2026-04-16 20:39:38 [ERROR]: 数据库错误: 创建数据库连接池 {"operation_type":"database_error","operation":"创建数据库连接池","error_message":"","error_code":"ECONNREFUSED"}
2026-04-16 20:39:38 [ERROR]: 数据库错误: 连接失败 (尝试 2/3) {"operation_type":"database_error","operation":"连接失败 (尝试 2/3)","error_message":"","error_code":"ECONNREFUSED"}
2026-04-16 20:39:38 [ERROR]: 数据库错误: 数据库查询错误 {"operation_type":"database_error","operation":"数据库查询错误","error_message":"","error_code":"ECONNREFUSED","sql":"INSERT INTO users (username, email, password_hash) VALUES (?, ?, ?)","params":["testuser_detail1","testdetail1@example.com","$2b$12$HZv0D.bnjk/WP27uWUBNvubGU5/z.1fGb99arpR2a.kCBPinyB7fi"]}
2026-04-16 20:39:38 [ERROR]: 数据库错误: 数据库查询错误 {"operation_type":"database_error","operation":"数据库查询错误","error_message":"","error_code":"ECONNREFUSED","sql":"DELETE FROM character_cards WHERE user_id IN (?, ?)","params":[null,null]}
2026-04-16 20:39:39 [ERROR]: 数据库错误: 数据库连接测试 {"operation_type":"database_error","operation":"数据库连接测试","error_message":"","error_code":"ECONNREFUSED"}
2026-04-16 20:39:39 [ERROR]: 数据库错误: 数据库连接测试 {"operation_type":"database_error","operation":"数据库连接测试","error_message":"","error_code":"ECONNREFUSED"}
2026-04-16 20:39:39 [ERROR]: 数据库错误: 创建数据库连接池 {"operation_type":"database_error","operation":"创建数据库连接池","error_message":"","error_code":"ECONNREFUSED"}
2026-04-16 20:39:39 [ERROR]: 数据库错误: 连接失败 (尝试 1/3) {"operation_type":"database_error","operation":"连接失败 (尝试 1/3)","error_message":"","error_code":"ECONNREFUSED"}
2026-04-16 20:39:39 [ERROR]: 数据库错误: 创建数据库连接池 {"operation_type":"database_error","operation":"创建数据库连接池","error_message":"","error_code":"ECONNREFUSED"}
2026-04-16 20:39:39 [ERROR]: 数据库错误: 连接失败 (尝试 2/3) {"operation_type":"database_error","operation":"连接失败 (尝试 2/3)","error_message":"","error_code":"ECONNREFUSED"}
2026-04-16 20:39:39 [ERROR]: 数据库错误: 数据库查询错误 {"operation_type":"database_error","operation":"数据库查询错误","error_message":"","error_code":"ECONNREFUSED","sql":"INSERT INTO users (username, email, password_hash) VALUES (?, ?, ?)","params":["testuser_create","testcreate@example.com","$2b$12$s2dNsgH9AhyaaCHy8xqPP.WzUDYsZWkJhr/R3x2UIZO1rCKZHySJe"]}
2026-04-16 20:39:39 [ERROR]: 数据库错误: 数据库查询错误 {"operation_type":"database_error","operation":"数据库查询错误","error_message":"","error_code":"ECONNREFUSED","sql":"DELETE FROM users WHERE id = ?","params":[null]}
2026-04-16 20:39:39 [ERROR]: 数据库错误: 数据库连接测试 {"operation_type":"database_error","operation":"数据库连接测试","error_message":"","error_code":"ECONNREFUSED"}
2026-04-16 20:39:39 [ERROR]: 数据库错误: 数据库连接测试 {"operation_type":"database_error","operation":"数据库连接测试","error_message":"","error_code":"ECONNREFUSED"}
2026-04-16 20:39:39 [ERROR]: 数据库错误: 数据库连接测试 {"operation_type":"database_error","operation":"数据库连接测试","error_message":"","error_code":"ECONNREFUSED"}
2026-04-17 00:49:58 [ERROR]: 数据库错误: 数据库连接测试 {"operation_type":"database_error","operation":"数据库连接测试","error_message":"","error_code":"ECONNREFUSED"}
2026-04-17 00:49:58 [ERROR]: 数据库错误: 创建数据库连接池 {"operation_type":"database_error","operation":"创建数据库连接池","error_message":"","error_code":"ECONNREFUSED"}
2026-04-17 00:49:58 [ERROR]: 数据库错误: 连接失败 (尝试 1/3) {"operation_type":"database_error","operation":"连接失败 (尝试 1/3)","error_message":"","error_code":"ECONNREFUSED"}
2026-04-17 00:49:58 [ERROR]: 数据库错误: 数据库连接测试 {"operation_type":"database_error","operation":"数据库连接测试","error_message":"","error_code":"ECONNREFUSED"}
2026-04-17 00:49:58 [ERROR]: 数据库错误: 创建数据库连接池 {"operation_type":"database_error","operation":"创建数据库连接池","error_message":"","error_code":"ECONNREFUSED"}
2026-04-17 00:49:58 [ERROR]: 数据库错误: 连接失败 (尝试 1/3) {"operation_type":"database_error","operation":"连接失败 (尝试 1/3)","error_message":"","error_code":"ECONNREFUSED"}
2026-04-17 00:50:00 [ERROR]: 数据库错误: 数据库连接测试 {"operation_type":"database_error","operation":"数据库连接测试","error_message":"","error_code":"ECONNREFUSED"}
2026-04-17 00:50:00 [ERROR]: 数据库错误: 创建数据库连接池 {"operation_type":"database_error","operation":"创建数据库连接池","error_message":"","error_code":"ECONNREFUSED"}
2026-04-17 00:50:00 [ERROR]: 数据库错误: 连接失败 (尝试 2/3) {"operation_type":"database_error","operation":"连接失败 (尝试 2/3)","error_message":"","error_code":"ECONNREFUSED"}
2026-04-17 00:50:00 [ERROR]: 数据库错误: 数据库连接测试 {"operation_type":"database_error","operation":"数据库连接测试","error_message":"","error_code":"ECONNREFUSED"}
2026-04-17 00:50:00 [ERROR]: 数据库错误: 创建数据库连接池 {"operation_type":"database_error","operation":"创建数据库连接池","error_message":"","error_code":"ECONNREFUSED"}
2026-04-17 00:50:00 [ERROR]: 数据库错误: 连接失败 (尝试 2/3) {"operation_type":"database_error","operation":"连接失败 (尝试 2/3)","error_message":"","error_code":"ECONNREFUSED"}
2026-04-17 00:50:02 [ERROR]: 数据库错误: 数据库连接测试 {"operation_type":"database_error","operation":"数据库连接测试","error_message":"","error_code":"ECONNREFUSED"}
2026-04-17 19:36:19 [ERROR]: 数据库错误: 创建数据库连接池 {"operation_type":"database_error","operation":"创建数据库连接池","error_message":"缺少必需的数据库配置环境变量: DB_USER, DB_NAME"}
2026-04-17 19:36:19 [ERROR]: 数据库错误: 连接失败 (尝试 1/3) {"operation_type":"database_error","operation":"连接失败 (尝试 1/3)","error_message":"缺少必需的数据库配置环境变量: DB_USER, DB_NAME"}
2026-04-17 19:36:21 [ERROR]: 数据库错误: 创建数据库连接池 {"operation_type":"database_error","operation":"创建数据库连接池","error_message":"缺少必需的数据库配置环境变量: DB_USER, DB_NAME"}
2026-04-17 19:36:21 [ERROR]: 数据库错误: 连接失败 (尝试 2/3) {"operation_type":"database_error","operation":"连接失败 (尝试 2/3)","error_message":"缺少必需的数据库配置环境变量: DB_USER, DB_NAME"}
2026-04-17 19:36:23 [ERROR]: 数据库错误: 创建数据库连接池 {"operation_type":"database_error","operation":"创建数据库连接池","error_message":"缺少必需的数据库配置环境变量: DB_USER, DB_NAME"}
2026-04-17 19:59:49 [ERROR]: 数据库错误: 数据库连接测试 {"operation_type":"database_error","operation":"数据库连接测试","error_message":"","error_code":"ECONNREFUSED"}
2026-04-17 19:59:49 [ERROR]: 数据库错误: 创建数据库连接池 {"operation_type":"database_error","operation":"创建数据库连接池","error_message":"","error_code":"ECONNREFUSED"}
2026-04-17 19:59:49 [ERROR]: 数据库错误: 连接失败 (尝试 1/3) {"operation_type":"database_error","operation":"连接失败 (尝试 1/3)","error_message":"","error_code":"ECONNREFUSED"}
2026-04-17 19:59:49 [ERROR]: 数据库错误: 数据库查询错误 {"operation_type":"database_error","operation":"数据库查询错误","error_message":"","error_code":"ECONNREFUSED","sql":"DELETE FROM users WHERE username LIKE 'testfilter%'","params":[]}
2026-04-17 19:59:49 [ERROR]: 数据库错误: 数据库查询错误 {"operation_type":"database_error","operation":"数据库查询错误","error_message":"","error_code":"ECONNREFUSED","sql":"DELETE FROM users WHERE id = ?","params":[null]}
2026-04-17 20:08:44 [ERROR]: 数据库错误: 数据库连接测试 {"operation_type":"database_error","operation":"数据库连接测试","error_message":"","error_code":"ECONNREFUSED"}
2026-04-17 20:08:44 [ERROR]: 数据库错误: 创建数据库连接池 {"operation_type":"database_error","operation":"创建数据库连接池","error_message":"","error_code":"ECONNREFUSED"}
2026-04-17 20:08:44 [ERROR]: 数据库错误: 连接失败 (尝试 1/3) {"operation_type":"database_error","operation":"连接失败 (尝试 1/3)","error_message":"","error_code":"ECONNREFUSED"}
2026-04-17 20:08:44 [ERROR]: 数据库错误: 数据库查询错误 {"operation_type":"database_error","operation":"数据库查询错误","error_message":"","error_code":"ECONNREFUSED","sql":"DELETE FROM users WHERE username LIKE 'testfilter%'","params":[]}
2026-04-17 20:08:44 [ERROR]: 数据库错误: 数据库查询错误 {"operation_type":"database_error","operation":"数据库查询错误","error_message":"","error_code":"ECONNREFUSED","sql":"DELETE FROM users WHERE id = ?","params":[null]}
2026-04-17 20:08:45 [ERROR]: 数据库错误: 数据库连接测试 {"operation_type":"database_error","operation":"数据库连接测试","error_message":"","error_code":"ECONNREFUSED"}
2026-04-17 20:08:45 [ERROR]: 数据库错误: 创建数据库连接池 {"operation_type":"database_error","operation":"创建数据库连接池","error_message":"","error_code":"ECONNREFUSED"}
2026-04-17 20:08:45 [ERROR]: 数据库错误: 连接失败 (尝试 1/3) {"operation_type":"database_error","operation":"连接失败 (尝试 1/3)","error_message":"","error_code":"ECONNREFUSED"}
2026-04-17 20:08:45 [ERROR]: 数据库错误: 数据库查询错误 {"operation_type":"database_error","operation":"数据库查询错误","error_message":"","error_code":"ECONNREFUSED","sql":"INSERT INTO users (username, email, password_hash) VALUES (?, ?, ?)","params":["testuser_pwupdate","pwupdate@example.com","$2b$12$GC/5buqdpDmHrndrLEjqf.zjJvQhoY3HSQyrIW5PUF1kTd79mWjC6"]}
2026-04-17 20:08:45 [ERROR]: 数据库错误: 数据库查询错误 {"operation_type":"database_error","operation":"数据库查询错误","error_message":"","error_code":"ECONNREFUSED","sql":"DELETE FROM character_cards WHERE id IN (?, ?)","params":[null,null]}
2026-04-17 20:08:46 [ERROR]: 数据库错误: 数据库连接测试 {"operation_type":"database_error","operation":"数据库连接测试","error_message":"","error_code":"ECONNREFUSED"}
2026-04-17 20:08:46 [ERROR]: 数据库错误: 数据库连接测试 {"operation_type":"database_error","operation":"数据库连接测试","error_message":"","error_code":"ECONNREFUSED"}
2026-04-17 20:08:46 [ERROR]: 数据库错误: 创建数据库连接池 {"operation_type":"database_error","operation":"创建数据库连接池","error_message":"","error_code":"ECONNREFUSED"}
2026-04-17 20:08:46 [ERROR]: 数据库错误: 连接失败 (尝试 1/3) {"operation_type":"database_error","operation":"连接失败 (尝试 1/3)","error_message":"","error_code":"ECONNREFUSED"}
2026-04-17 20:08:46 [ERROR]: 数据库错误: 创建数据库连接池 {"operation_type":"database_error","operation":"创建数据库连接池","error_message":"","error_code":"ECONNREFUSED"}
2026-04-17 20:08:46 [ERROR]: 数据库错误: 连接失败 (尝试 2/3) {"operation_type":"database_error","operation":"连接失败 (尝试 2/3)","error_message":"","error_code":"ECONNREFUSED"}
2026-04-17 20:08:46 [ERROR]: 数据库错误: 数据库查询错误 {"operation_type":"database_error","operation":"数据库查询错误","error_message":"","error_code":"ECONNREFUSED","sql":"INSERT INTO users (username, email, password_hash) VALUES (?, ?, ?)","params":["testuser_create","testcreate@example.com","$2b$12$4.HUQSuo2Su2djlBn5rJNO6PKlNd7wAe1i89vw.w1I/l5cq84gvKG"]}
2026-04-17 20:08:46 [ERROR]: 数据库错误: 数据库查询错误 {"operation_type":"database_error","operation":"数据库查询错误","error_message":"","error_code":"ECONNREFUSED","sql":"DELETE FROM users WHERE id = ?","params":[null]}
2026-04-17 20:08:47 [ERROR]: 数据库错误: 数据库连接测试 {"operation_type":"database_error","operation":"数据库连接测试","error_message":"","error_code":"ECONNREFUSED"}
2026-04-17 20:08:47 [ERROR]: 数据库错误: 数据库连接测试 {"operation_type":"database_error","operation":"数据库连接测试","error_message":"","error_code":"ECONNREFUSED"}
2026-04-17 20:08:47 [ERROR]: 数据库错误: 创建数据库连接池 {"operation_type":"database_error","operation":"创建数据库连接池","error_message":"","error_code":"ECONNREFUSED"}
2026-04-17 20:08:47 [ERROR]: 数据库错误: 连接失败 (尝试 1/3) {"operation_type":"database_error","operation":"连接失败 (尝试 1/3)","error_message":"","error_code":"ECONNREFUSED"}
2026-04-17 20:08:47 [ERROR]: 数据库错误: 数据库连接测试 {"operation_type":"database_error","operation":"数据库连接测试","error_message":"","error_code":"ECONNREFUSED"}
2026-04-17 20:08:47 [ERROR]: 数据库错误: 创建数据库连接池 {"operation_type":"database_error","operation":"创建数据库连接池","error_message":"","error_code":"ECONNREFUSED"}
2026-04-17 20:08:47 [ERROR]: 数据库错误: 连接失败 (尝试 1/3) {"operation_type":"database_error","operation":"连接失败 (尝试 1/3)","error_message":"","error_code":"ECONNREFUSED"}
2026-04-17 20:08:47 [ERROR]: 数据库错误: 创建数据库连接池 {"operation_type":"database_error","operation":"创建数据库连接池","error_message":"","error_code":"ECONNREFUSED"}
2026-04-17 20:08:47 [ERROR]: 数据库错误: 连接失败 (尝试 2/3) {"operation_type":"database_error","operation":"连接失败 (尝试 2/3)","error_message":"","error_code":"ECONNREFUSED"}
2026-04-17 20:08:48 [ERROR]: 数据库错误: 数据库连接测试 {"operation_type":"database_error","operation":"数据库连接测试","error_message":"","error_code":"ECONNREFUSED"}
2026-04-17 20:08:48 [ERROR]: 数据库错误: 创建数据库连接池 {"operation_type":"database_error","operation":"创建数据库连接池","error_message":"","error_code":"ECONNREFUSED"}
2026-04-17 20:08:48 [ERROR]: 数据库错误: 连接失败 (尝试 2/3) {"operation_type":"database_error","operation":"连接失败 (尝试 2/3)","error_message":"","error_code":"ECONNREFUSED"}
2026-04-17 20:08:48 [ERROR]: 数据库错误: 数据库连接测试 {"operation_type":"database_error","operation":"数据库连接测试","error_message":"","error_code":"ECONNREFUSED"}
2026-04-17 20:25:55 [ERROR]: 数据库错误: 数据库连接测试 {"operation_type":"database_error","operation":"数据库连接测试","error_message":"","error_code":"ECONNREFUSED"}
2026-04-17 20:25:55 [ERROR]: 数据库错误: 创建数据库连接池 {"operation_type":"database_error","operation":"创建数据库连接池","error_message":"","error_code":"ECONNREFUSED"}
2026-04-17 20:25:55 [ERROR]: 数据库错误: 连接失败 (尝试 1/3) {"operation_type":"database_error","operation":"连接失败 (尝试 1/3)","error_message":"","error_code":"ECONNREFUSED"}
2026-04-17 20:25:57 [ERROR]: 数据库错误: 数据库连接测试 {"operation_type":"database_error","operation":"数据库连接测试","error_message":"","error_code":"ECONNREFUSED"}
2026-04-17 20:25:57 [ERROR]: 数据库错误: 创建数据库连接池 {"operation_type":"database_error","operation":"创建数据库连接池","error_message":"","error_code":"ECONNREFUSED"}
2026-04-17 20:25:57 [ERROR]: 数据库错误: 连接失败 (尝试 2/3) {"operation_type":"database_error","operation":"连接失败 (尝试 2/3)","error_message":"","error_code":"ECONNREFUSED"}
2026-04-17 20:25:59 [ERROR]: 数据库错误: 数据库连接测试 {"operation_type":"database_error","operation":"数据库连接测试","error_message":"","error_code":"ECONNREFUSED"}
2026-04-17 20:44:08 [ERROR]: 数据库错误: 数据库连接测试 {"operation_type":"database_error","operation":"数据库连接测试","error_message":"","error_code":"ECONNREFUSED"}
2026-04-17 20:44:08 [ERROR]: 数据库错误: 创建数据库连接池 {"operation_type":"database_error","operation":"创建数据库连接池","error_message":"","error_code":"ECONNREFUSED"}
2026-04-17 20:44:08 [ERROR]: 数据库错误: 连接失败 (尝试 1/3) {"operation_type":"database_error","operation":"连接失败 (尝试 1/3)","error_message":"","error_code":"ECONNREFUSED"}
2026-04-17 20:44:10 [ERROR]: 数据库错误: 数据库连接测试 {"operation_type":"database_error","operation":"数据库连接测试","error_message":"","error_code":"ECONNREFUSED"}
2026-04-17 20:44:10 [ERROR]: 数据库错误: 创建数据库连接池 {"operation_type":"database_error","operation":"创建数据库连接池","error_message":"","error_code":"ECONNREFUSED"}
2026-04-17 20:44:10 [ERROR]: 数据库错误: 连接失败 (尝试 2/3) {"operation_type":"database_error","operation":"连接失败 (尝试 2/3)","error_message":"","error_code":"ECONNREFUSED"}
2026-04-17 20:44:12 [ERROR]: 数据库错误: 数据库连接测试 {"operation_type":"database_error","operation":"数据库连接测试","error_message":"","error_code":"ECONNREFUSED"}
2026-04-17 21:13:31 [ERROR]: 数据库错误: 数据库连接测试 {"operation_type":"database_error","operation":"数据库连接测试","error_message":"","error_code":"ECONNREFUSED"}
2026-04-17 21:13:31 [ERROR]: 数据库错误: 创建数据库连接池 {"operation_type":"database_error","operation":"创建数据库连接池","error_message":"","error_code":"ECONNREFUSED"}
2026-04-17 21:13:31 [ERROR]: 数据库错误: 连接失败 (尝试 1/3) {"operation_type":"database_error","operation":"连接失败 (尝试 1/3)","error_message":"","error_code":"ECONNREFUSED"}
2026-04-17 21:13:31 [ERROR]: 数据库错误: 数据库查询错误 {"operation_type":"database_error","operation":"数据库查询错误","error_message":"","error_code":"ECONNREFUSED","sql":"DELETE FROM character_cards WHERE card_name LIKE 'ETag测试%'","params":[]}
2026-04-17 21:13:31 [ERROR]: 数据库错误: 数据库查询错误 {"operation_type":"database_error","operation":"数据库查询错误","error_message":"","error_code":"ECONNREFUSED","sql":"DELETE FROM character_cards WHERE card_name LIKE 'ETag测试%'","params":[]}
